<?xml version="1.0" encoding="UTF-8"?>
<!-- Generated by org.testng.reporters.JUnitReportReporter -->
<testsuite hostname="LAPTOP-G32RHERC" failures="0" tests="5" name="testCases.TC003Test_Login_DDT" time="86.142" errors="0" timestamp="2023-08-01T20:15:36 IST" skipped="0">
  <testcase classname="testCases.TC003Test_Login_DDT" name="TestLoginDDT" time="1.520"/>
  <system-out/>
  <testcase classname="testCases.TC003Test_Login_DDT" name="TestLoginDDT" time="20.869"/>
  <system-out/>
  <testcase classname="testCases.TC003Test_Login_DDT" name="TestLoginDDT" time="22.072"/>
  <system-out/>
  <testcase classname="testCases.TC003Test_Login_DDT" name="TestLoginDDT" time="20.788"/>
  <system-out/>
  <testcase classname="testCases.TC003Test_Login_DDT" name="TestLoginDDT" time="20.893"/>
  <system-out/>
</testsuite> <!-- testCases.TC003Test_Login_DDT -->
