<?xml version="1.0" encoding="UTF-8"?>
<!-- Generated by org.testng.reporters.JUnitReportReporter -->
<testsuite hostname="LAPTOP-G32RHERC" failures="0" tests="1" name="testCases.TC01_Test_Account_Resgistration" time="8.068" errors="0" timestamp="2023-08-01T21:39:05 IST" skipped="0">
  <testcase classname="testCases.TC01_Test_Account_Resgistration" name="TestRegistration" time="8.068"/>
  <system-out/>
</testsuite> <!-- testCases.TC01_Test_Account_Resgistration -->
