<?xml version="1.0" encoding="UTF-8"?>
<!-- Generated by org.testng.reporters.JUnitReportReporter -->
<testsuite hostname="LAPTOP-G32RHERC" failures="0" tests="1" name="testCases.TC002_Login_Test" time="2.681" errors="0" timestamp="2023-08-01T21:39:05 IST" skipped="0">
  <testcase classname="testCases.TC002_Login_Test" name="Test_Login" time="2.681"/>
  <system-out/>
</testsuite> <!-- testCases.TC002_Login_Test -->
