<?xml version="1.0" encoding="UTF-8"?>
<!-- Generated by org.testng.reporters.JUnitReportReporter -->
<testsuite hostname="LAPTOP-G32RHERC" failures="0" tests="5" name="testCases.TC003Test_Login_DDT" time="88.198" errors="0" timestamp="2023-08-02T19:43:26 IST" skipped="0">
  <testcase classname="testCases.TC003Test_Login_DDT" name="TestLoginDDT" time="21.179"/>
  <system-out/>
  <testcase classname="testCases.TC003Test_Login_DDT" name="TestLoginDDT" time="2.438"/>
  <system-out/>
  <testcase classname="testCases.TC003Test_Login_DDT" name="TestLoginDDT" time="21.518"/>
  <system-out/>
  <testcase classname="testCases.TC003Test_Login_DDT" name="TestLoginDDT" time="21.349"/>
  <system-out/>
  <testcase classname="testCases.TC003Test_Login_DDT" name="TestLoginDDT" time="21.714"/>
  <system-out/>
</testsuite> <!-- testCases.TC003Test_Login_DDT -->
